2022-08-04 13:51:30,838 :: Added a new user Restocker
2022-08-04 13:51:43,870 :: Updated user 5
2022-08-04 13:51:53,727 :: Restocked for 1
2022-08-04 13:51:53,728 :: Restocked for 2
2022-08-04 13:51:53,730 :: Restocked for 3
2022-08-04 13:51:53,731 :: Restocked for 4
2022-08-04 14:25:27,481 :: Removed order 9
2022-08-04 14:25:43,423 :: Removed order 8
2022-08-04 14:30:11,232 :: Removed order 4
2022-08-04 14:30:47,202 :: Restocked for 3
2022-08-04 14:30:47,204 :: Restocked for 4
2022-08-04 14:34:32,343 :: Added a new user Loss
2022-08-04 14:37:22,183 :: Updated user 6
2022-08-04 14:37:35,999 :: Updated user 6
2022-08-04 14:37:49,144 :: Added a new order for 6
2022-08-04 14:38:19,559 :: Removed order 10
2022-08-04 14:38:27,712 :: Removed order 6
2022-08-04 14:38:48,104 :: Restocked for 1
2022-08-04 14:38:48,107 :: Restocked for 3
2022-08-04 14:40:45,288 :: Added a new user asdf
2022-08-04 14:45:45,303 :: Updated user 7
2022-08-04 14:47:23,175 :: Updated user 7
2022-08-04 14:47:32,575 :: Updated user 7
2022-08-04 14:48:18,312 :: Removed user 7
2022-08-04 14:48:30,433 :: Removed order 12
2022-08-04 14:51:53,472 :: Removed user 6
2022-08-04 14:52:15,760 :: Added a new user Loss
2022-08-04 14:52:32,073 :: Updated user 8
2022-08-04 14:52:53,432 :: Removed user 8
2022-08-04 14:53:04,720 :: Added a new user Loss
2022-08-04 14:53:13,599 :: Added a new order for 9
2022-08-04 14:53:44,177 :: Updated user 9
2022-08-04 14:54:05,751 :: Updated user 9
2022-08-04 14:54:27,792 :: Removed order 14
2022-08-04 14:54:30,834 :: Restocked for 3
